SF:lib/core/util/response.dart
DA:13,0
DA:15,0
DA:16,0
DA:17,0
DA:18,0
DA:22,0
DA:23,0
DA:24,0
DA:29,1
DA:30,2
DA:31,1
LF:11
LH:3
end_of_record
SF:lib/features/workout/data/repository/workout_repository_impl.dart
DA:28,1
DA:30,3
DA:31,2
DA:32,2
DA:33,2
DA:34,1
DA:35,2
DA:40,1
DA:41,2
DA:43,1
DA:44,2
DA:46,1
DA:48,3
DA:50,1
DA:52,3
DA:54,0
DA:56,0
DA:58,0
DA:60,0
DA:62,0
DA:64,0
DA:66,0
DA:68,0
DA:70,1
DA:72,3
DA:74,1
DA:75,1
DA:77,2
DA:79,1
DA:81,3
DA:85,1
DA:86,1
DA:87,1
DA:90,2
DA:91,1
DA:94,2
DA:96,1
DA:97,4
DA:98,4
DA:99,1
DA:102,2
DA:103,2
DA:104,3
DA:106,2
DA:107,2
DA:108,2
DA:109,3
DA:114,5
DA:115,4
DA:118,3
DA:120,1
DA:122,2
DA:123,2
LF:53
LH:45
end_of_record
SF:lib/core/util/safe_caller.dart
DA:8,1
DA:10,1
DA:11,1
DA:12,1
DA:13,1
DA:14,1
DA:15,2
DA:16,1
DA:17,1
DA:18,1
DA:19,3
DA:21,0
DA:22,0
DA:23,0
DA:24,0
DA:26,0
DA:27,0
DA:28,0
LF:18
LH:11
end_of_record
SF:lib/core/error/extensions.dart
DA:5,1
DA:7,3
DA:13,1
DA:15,2
DA:17,0
LF:5
LH:4
end_of_record
SF:lib/features/workout/data/dto/exercise_dto.dart
DA:7,1
DA:38,1
DA:39,1
DA:40,1
DA:41,1
DA:42,1
DA:43,1
DA:44,1
DA:45,1
DA:46,1
DA:47,1
DA:48,1
LF:12
LH:12
end_of_record
SF:lib/features/workout/data/mapper/excercise_data_mapper.dart
DA:6,1
DA:7,1
DA:8,1
DA:9,1
DA:10,1
DA:11,1
DA:12,1
DA:13,1
DA:14,1
DA:15,1
DA:16,1
LF:11
LH:11
end_of_record
SF:lib/features/workout/presentation/bloc/workout_bloc.dart
DA:15,3
DA:16,2
DA:17,2
DA:18,2
DA:19,2
DA:20,2
DA:21,2
DA:22,2
DA:23,2
DA:24,2
DA:26,2
DA:29,1
DA:30,4
DA:31,0
DA:35,1
DA:36,3
DA:39,0
DA:40,0
DA:43,1
DA:44,3
DA:45,2
DA:46,3
DA:49,3
DA:54,1
DA:55,1
DA:56,3
DA:57,2
DA:61,3
DA:65,1
DA:66,3
DA:70,1
DA:71,3
DA:74,1
DA:75,3
DA:78,1
DA:79,3
DA:80,2
DA:84,1
DA:85,3
DA:86,2
DA:91,1
DA:92,1
DA:93,2
DA:94,3
DA:95,3
DA:100,1
DA:102,2
DA:103,1
LF:48
LH:45
end_of_record
SF:lib/features/workout/presentation/widgets/bottom_controls.dart
DA:10,2
DA:12,2
DA:15,1
DA:16,2
DA:19,2
DA:21,2
DA:22,6
DA:23,2
DA:24,2
DA:25,2
DA:27,2
DA:28,6
DA:31,2
DA:33,2
DA:34,2
DA:37,2
DA:38,6
DA:39,2
DA:42,2
DA:44,2
DA:45,2
DA:47,3
DA:48,6
DA:49,2
DA:50,8
DA:52,2
DA:54,2
DA:56,2
DA:57,3
DA:59,2
DA:61,2
DA:63,2
DA:64,2
DA:65,6
DA:66,6
DA:70,2
DA:71,2
DA:72,4
DA:73,2
DA:77,2
DA:78,2
DA:79,2
DA:80,2
DA:81,2
DA:83,2
DA:85,2
DA:86,6
DA:95,2
DA:97,3
DA:98,6
DA:99,2
DA:100,8
DA:102,2
DA:106,2
DA:107,2
DA:109,3
DA:110,6
DA:111,2
DA:112,8
DA:114,2
LF:60
LH:60
end_of_record
SF:lib/core/theme/colors.dart
DA:40,2
DA:71,0
DA:102,0
DA:103,0
DA:104,0
DA:105,0
DA:106,0
DA:107,0
DA:108,0
DA:109,0
DA:110,0
DA:112,0
DA:113,0
DA:114,0
DA:115,0
DA:116,0
DA:118,0
DA:119,0
DA:120,0
DA:121,0
DA:122,0
DA:123,0
DA:124,0
DA:125,0
DA:126,0
DA:127,0
DA:128,0
DA:129,0
DA:130,0
DA:131,0
DA:132,0
DA:136,0
DA:138,0
DA:140,0
DA:141,0
DA:142,0
DA:143,0
DA:144,0
DA:145,0
DA:146,0
DA:147,0
DA:148,0
DA:149,0
DA:150,0
DA:151,0
DA:152,0
DA:153,0
DA:154,0
DA:156,0
DA:158,0
DA:160,0
DA:161,0
DA:162,0
DA:163,0
DA:164,0
DA:165,0
DA:166,0
DA:167,0
DA:168,0
DA:169,0
DA:170,0
DA:171,0
DA:172,0
DA:173,0
LF:64
LH:1
end_of_record
SF:lib/core/theme/extensions.dart
DA:7,4
DA:12,4
DA:17,2
LF:3
LH:3
end_of_record
SF:lib/features/dashboard/presentation/widgets/spinning_arc.dart
DA:13,1
DA:24,1
DA:25,1
DA:32,1
DA:34,1
DA:36,2
DA:38,2
DA:39,1
DA:42,1
DA:44,2
DA:45,1
DA:48,1
DA:50,7
DA:52,1
DA:53,1
DA:54,1
DA:55,1
DA:56,1
DA:57,1
DA:58,2
DA:59,2
DA:60,4
DA:61,2
DA:62,2
DA:63,2
DA:64,2
DA:81,1
DA:91,1
DA:93,1
DA:94,1
DA:98,1
DA:99,2
DA:100,1
DA:101,2
DA:102,2
DA:105,2
DA:106,1
DA:107,4
DA:110,4
DA:111,2
DA:113,4
DA:114,4
DA:116,1
DA:117,1
DA:119,1
DA:124,2
DA:125,1
DA:126,4
DA:128,5
DA:129,5
DA:131,1
DA:134,1
DA:137,1
DA:138,2
DA:139,1
DA:141,1
DA:144,0
LF:57
LH:56
end_of_record
SF:lib/features/workout/presentation/pages/workout_screen.dart
DA:17,0
DA:19,0
DA:21,0
DA:22,0
DA:23,0
DA:24,0
DA:25,0
DA:27,0
DA:28,0
DA:40,2
DA:42,1
DA:44,2
DA:46,1
DA:47,1
DA:48,3
DA:50,1
DA:51,3
DA:53,1
DA:54,1
DA:56,3
DA:57,1
DA:58,1
DA:59,4
DA:62,1
DA:63,1
DA:64,1
DA:65,1
DA:66,3
DA:67,4
DA:69,1
DA:70,2
DA:71,1
DA:72,3
DA:73,3
DA:74,4
DA:79,1
DA:80,1
DA:81,1
DA:82,2
DA:83,3
DA:85,1
DA:86,1
DA:87,1
DA:88,1
DA:89,1
DA:90,1
DA:92,1
DA:93,1
DA:94,3
DA:96,1
DA:97,1
DA:98,1
DA:99,4
DA:100,3
DA:101,4
DA:103,1
DA:104,1
DA:106,3
DA:107,4
DA:109,2
DA:115,2
DA:128,1
DA:129,1
DA:130,1
DA:131,1
DA:133,2
DA:135,1
DA:137,2
DA:141,1
DA:142,1
DA:143,1
DA:144,1
DA:146,2
DA:148,1
DA:150,2
LF:75
LH:66
end_of_record
SF:lib/core/service/toast_manager.dart
DA:7,0
DA:8,0
DA:10,0
DA:15,0
DA:16,0
DA:18,0
DA:19,0
DA:20,0
DA:21,0
DA:25,0
DA:26,0
DA:27,0
DA:28,0
DA:29,0
LF:14
LH:0
end_of_record
SF:lib/features/shared/components/toast_card.dart
DA:7,0
DA:9,0
DA:10,0
DA:26,0
DA:28,0
DA:29,0
DA:31,0
DA:32,0
DA:33,0
DA:38,0
DA:40,0
DA:42,0
DA:43,0
DA:46,0
DA:47,0
DA:48,0
DA:50,0
DA:51,0
DA:52,0
DA:55,0
DA:56,0
DA:57,0
DA:59,0
DA:60,0
DA:62,0
DA:64,0
DA:65,0
DA:66,0
DA:68,0
DA:69,0
DA:79,0
DA:81,0
DA:82,0
DA:83,0
LF:34
LH:0
end_of_record
SF:lib/features/dashboard/presentation/widgets/loading_box.dart
DA:6,1
DA:8,1
DA:10,2
DA:12,1
DA:15,1
DA:16,3
DA:17,4
LF:7
LH:7
end_of_record
SF:lib/features/shared/components/label_text.dart
DA:5,1
DA:10,1
DA:12,1
DA:13,1
DA:14,3
DA:15,4
DA:16,1
DA:19,1
DA:20,1
DA:21,5
DA:22,3
LF:11
LH:11
end_of_record
SF:lib/features/workout/presentation/widgets/heart_box.dart
DA:7,1
DA:11,1
DA:13,1
DA:14,3
DA:15,1
DA:16,2
DA:17,1
DA:19,1
DA:20,1
DA:21,1
DA:23,1
DA:24,1
DA:25,3
DA:28,1
DA:29,1
DA:30,1
DA:31,2
DA:32,3
DA:33,4
DA:35,1
DA:37,3
DA:38,4
DA:45,1
DA:47,4
DA:48,3
LF:25
LH:25
end_of_record
SF:lib/features/workout/presentation/widgets/progress_ring.dart
DA:10,1
DA:18,1
DA:19,1
DA:27,1
DA:29,1
DA:30,2
DA:31,6
DA:32,1
DA:35,2
DA:38,0
DA:40,0
DA:41,0
DA:42,0
DA:43,0
DA:44,0
DA:45,0
DA:48,0
DA:50,0
DA:53,1
DA:55,1
DA:56,1
DA:57,1
DA:58,1
DA:60,1
DA:61,2
DA:62,2
DA:63,2
DA:64,2
DA:71,1
DA:73,2
DA:74,1
DA:84,1
DA:91,1
DA:93,1
DA:94,2
DA:96,1
DA:97,3
DA:99,1
DA:100,2
DA:101,1
DA:102,2
DA:103,1
DA:106,2
DA:108,1
DA:109,1
DA:110,2
DA:111,1
DA:112,2
DA:113,2
DA:114,1
DA:115,1
DA:116,1
DA:119,1
DA:121,1
DA:129,1
DA:131,3
LF:56
LH:47
end_of_record
SF:lib/features/workout/presentation/widgets/pulsing_heart_icon.dart
DA:8,1
DA:15,1
DA:16,1
DA:24,1
DA:26,1
DA:28,2
DA:29,2
DA:31,1
DA:33,3
DA:34,2
DA:38,1
DA:40,2
DA:41,1
DA:44,1
DA:46,1
DA:47,1
DA:48,1
DA:50,2
DA:51,2
LF:19
LH:19
end_of_record
